<?xml version="1.0" encoding="UTF-8"?>
<testsuite xmlns:xsi="http://www.w3.org/2001/XMLSchema-instance" xsi:noNamespaceSchemaLocation="https://maven.apache.org/surefire/maven-failsafe-plugin/xsd/failsafe-test-report-3.0.xsd" version="3.0" name="PatientRegistry_feature001_run001_IT" time="1.115" tests="1" errors="0" skipped="0" failures="0">
  <properties>
    <property name="gopherProxySet" value="false"/>
    <property name="awt.toolkit" value="sun.lwawt.macosx.LWCToolkit"/>
    <property name="file.encoding.pkg" value="sun.io"/>
    <property name="java.specification.version" value="1.8"/>
    <property name="sun.cpu.isalist" value=""/>
    <property name="sun.jnu.encoding" value="UTF-8"/>
    <property name="java.class.path" value="/Users/ansgarsachs/CGM/kubernetes-workshop/integration-tests/target/test-classes:/Users/ansgarsachs/CGM/kubernetes-workshop/integration-tests/target/classes:/Users/ansgarsachs/.m2/repository/io/cucumber/cucumber-java/4.7.4/cucumber-java-4.7.4.jar:/Users/ansgarsachs/.m2/repository/io/cucumber/cucumber-core/4.7.4/cucumber-core-4.7.4.jar:/Users/ansgarsachs/.m2/repository/io/cucumber/gherkin/5.1.0/gherkin-5.1.0.jar:/Users/ansgarsachs/.m2/repository/io/cucumber/tag-expressions/1.1.1/tag-expressions-1.1.1.jar:/Users/ansgarsachs/.m2/repository/io/cucumber/cucumber-expressions/7.0.2/cucumber-expressions-7.0.2.jar:/Users/ansgarsachs/.m2/repository/io/cucumber/datatable/1.1.14/datatable-1.1.14.jar:/Users/ansgarsachs/.m2/repository/io/cucumber/datatable-dependencies/1.1.14/datatable-dependencies-1.1.14.jar:/Users/ansgarsachs/.m2/repository/org/apiguardian/apiguardian-api/1.1.0/apiguardian-api-1.1.0.jar:/Users/ansgarsachs/.m2/repository/io/cucumber/cucumber-junit/4.7.4/cucumber-junit-4.7.4.jar:/Users/ansgarsachs/.m2/repository/junit/junit/4.12/junit-4.12.jar:/Users/ansgarsachs/.m2/repository/org/hamcrest/hamcrest-core/1.3/hamcrest-core-1.3.jar:/Users/ansgarsachs/.m2/repository/org/assertj/assertj-core/3.14.0/assertj-core-3.14.0.jar:/Users/ansgarsachs/.m2/repository/com/konghq/unirest-java/3.1.02/unirest-java-3.1.02.jar:/Users/ansgarsachs/.m2/repository/org/apache/httpcomponents/httpclient/4.5.9/httpclient-4.5.9.jar:/Users/ansgarsachs/.m2/repository/org/apache/httpcomponents/httpcore/4.4.11/httpcore-4.4.11.jar:/Users/ansgarsachs/.m2/repository/commons-logging/commons-logging/1.2/commons-logging-1.2.jar:/Users/ansgarsachs/.m2/repository/commons-codec/commons-codec/1.11/commons-codec-1.11.jar:/Users/ansgarsachs/.m2/repository/org/apache/httpcomponents/httpmime/4.5.9/httpmime-4.5.9.jar:/Users/ansgarsachs/.m2/repository/org/apache/httpcomponents/httpasyncclient/4.1.4/httpasyncclient-4.1.4.jar:/Users/ansgarsachs/.m2/repository/org/apache/httpcomponents/httpcore-nio/4.4.10/httpcore-nio-4.4.10.jar:/Users/ansgarsachs/.m2/repository/com/google/code/gson/gson/2.8.5/gson-2.8.5.jar:/Users/ansgarsachs/.m2/repository/org/yaml/snakeyaml/1.25/snakeyaml-1.25.jar:/Users/ansgarsachs/.m2/repository/info/cukes/cucumber-guice/1.2.5/cucumber-guice-1.2.5.jar:/Users/ansgarsachs/.m2/repository/info/cukes/cucumber-java/1.2.5/cucumber-java-1.2.5.jar:/Users/ansgarsachs/.m2/repository/info/cukes/cucumber-core/1.2.5/cucumber-core-1.2.5.jar:/Users/ansgarsachs/.m2/repository/info/cukes/cucumber-html/0.2.3/cucumber-html-0.2.3.jar:/Users/ansgarsachs/.m2/repository/info/cukes/cucumber-jvm-deps/1.0.5/cucumber-jvm-deps-1.0.5.jar:/Users/ansgarsachs/.m2/repository/info/cukes/gherkin/2.12.2/gherkin-2.12.2.jar:/Users/ansgarsachs/.m2/repository/com/google/inject/guice/4.1.0/guice-4.1.0.jar:/Users/ansgarsachs/.m2/repository/javax/inject/javax.inject/1/javax.inject-1.jar:/Users/ansgarsachs/.m2/repository/aopalliance/aopalliance/1.0/aopalliance-1.0.jar:/Users/ansgarsachs/.m2/repository/com/google/guava/guava/19.0/guava-19.0.jar:"/>
    <property name="java.vm.vendor" value="AdoptOpenJDK"/>
    <property name="sun.arch.data.model" value="64"/>
    <property name="java.vendor.url" value="http://java.oracle.com/"/>
    <property name="user.timezone" value=""/>
    <property name="java.vm.specification.version" value="1.8"/>
    <property name="os.name" value="Mac OS X"/>
    <property name="user.country" value="DE"/>
    <property name="sun.java.launcher" value="SUN_STANDARD"/>
    <property name="sun.boot.library.path" value="/Library/Java/JavaVirtualMachines/adoptopenjdk-8.jdk/Contents/Home/jre/lib"/>
    <property name="sun.java.command" value="/Users/ansgarsachs/CGM/kubernetes-workshop/integration-tests/target/surefire/surefirebooter3649062994287977891.jar /Users/ansgarsachs/CGM/kubernetes-workshop/integration-tests/target/surefire 2020-02-23T20-13-43_990-jvmRun1 surefire8058527459030288837tmp surefire_03138648040008642017tmp"/>
    <property name="http.nonProxyHosts" value="local|*.local|169.254/16|*.169.254/16"/>
    <property name="surefire.test.class.path" value="/Users/ansgarsachs/CGM/kubernetes-workshop/integration-tests/target/test-classes:/Users/ansgarsachs/CGM/kubernetes-workshop/integration-tests/target/classes:/Users/ansgarsachs/.m2/repository/io/cucumber/cucumber-java/4.7.4/cucumber-java-4.7.4.jar:/Users/ansgarsachs/.m2/repository/io/cucumber/cucumber-core/4.7.4/cucumber-core-4.7.4.jar:/Users/ansgarsachs/.m2/repository/io/cucumber/gherkin/5.1.0/gherkin-5.1.0.jar:/Users/ansgarsachs/.m2/repository/io/cucumber/tag-expressions/1.1.1/tag-expressions-1.1.1.jar:/Users/ansgarsachs/.m2/repository/io/cucumber/cucumber-expressions/7.0.2/cucumber-expressions-7.0.2.jar:/Users/ansgarsachs/.m2/repository/io/cucumber/datatable/1.1.14/datatable-1.1.14.jar:/Users/ansgarsachs/.m2/repository/io/cucumber/datatable-dependencies/1.1.14/datatable-dependencies-1.1.14.jar:/Users/ansgarsachs/.m2/repository/org/apiguardian/apiguardian-api/1.1.0/apiguardian-api-1.1.0.jar:/Users/ansgarsachs/.m2/repository/io/cucumber/cucumber-junit/4.7.4/cucumber-junit-4.7.4.jar:/Users/ansgarsachs/.m2/repository/junit/junit/4.12/junit-4.12.jar:/Users/ansgarsachs/.m2/repository/org/hamcrest/hamcrest-core/1.3/hamcrest-core-1.3.jar:/Users/ansgarsachs/.m2/repository/org/assertj/assertj-core/3.14.0/assertj-core-3.14.0.jar:/Users/ansgarsachs/.m2/repository/com/konghq/unirest-java/3.1.02/unirest-java-3.1.02.jar:/Users/ansgarsachs/.m2/repository/org/apache/httpcomponents/httpclient/4.5.9/httpclient-4.5.9.jar:/Users/ansgarsachs/.m2/repository/org/apache/httpcomponents/httpcore/4.4.11/httpcore-4.4.11.jar:/Users/ansgarsachs/.m2/repository/commons-logging/commons-logging/1.2/commons-logging-1.2.jar:/Users/ansgarsachs/.m2/repository/commons-codec/commons-codec/1.11/commons-codec-1.11.jar:/Users/ansgarsachs/.m2/repository/org/apache/httpcomponents/httpmime/4.5.9/httpmime-4.5.9.jar:/Users/ansgarsachs/.m2/repository/org/apache/httpcomponents/httpasyncclient/4.1.4/httpasyncclient-4.1.4.jar:/Users/ansgarsachs/.m2/repository/org/apache/httpcomponents/httpcore-nio/4.4.10/httpcore-nio-4.4.10.jar:/Users/ansgarsachs/.m2/repository/com/google/code/gson/gson/2.8.5/gson-2.8.5.jar:/Users/ansgarsachs/.m2/repository/org/yaml/snakeyaml/1.25/snakeyaml-1.25.jar:/Users/ansgarsachs/.m2/repository/info/cukes/cucumber-guice/1.2.5/cucumber-guice-1.2.5.jar:/Users/ansgarsachs/.m2/repository/info/cukes/cucumber-java/1.2.5/cucumber-java-1.2.5.jar:/Users/ansgarsachs/.m2/repository/info/cukes/cucumber-core/1.2.5/cucumber-core-1.2.5.jar:/Users/ansgarsachs/.m2/repository/info/cukes/cucumber-html/0.2.3/cucumber-html-0.2.3.jar:/Users/ansgarsachs/.m2/repository/info/cukes/cucumber-jvm-deps/1.0.5/cucumber-jvm-deps-1.0.5.jar:/Users/ansgarsachs/.m2/repository/info/cukes/gherkin/2.12.2/gherkin-2.12.2.jar:/Users/ansgarsachs/.m2/repository/com/google/inject/guice/4.1.0/guice-4.1.0.jar:/Users/ansgarsachs/.m2/repository/javax/inject/javax.inject/1/javax.inject-1.jar:/Users/ansgarsachs/.m2/repository/aopalliance/aopalliance/1.0/aopalliance-1.0.jar:/Users/ansgarsachs/.m2/repository/com/google/guava/guava/19.0/guava-19.0.jar:"/>
    <property name="sun.cpu.endian" value="little"/>
    <property name="user.home" value="/Users/ansgarsachs"/>
    <property name="user.language" value="de"/>
    <property name="java.specification.vendor" value="Oracle Corporation"/>
    <property name="java.home" value="/Library/Java/JavaVirtualMachines/adoptopenjdk-8.jdk/Contents/Home/jre"/>
    <property name="basedir" value="/Users/ansgarsachs/CGM/kubernetes-workshop/integration-tests"/>
    <property name="file.separator" value="/"/>
    <property name="line.separator" value="&#10;"/>
    <property name="java.vm.specification.vendor" value="Oracle Corporation"/>
    <property name="java.specification.name" value="Java Platform API Specification"/>
    <property name="java.awt.graphicsenv" value="sun.awt.CGraphicsEnvironment"/>
    <property name="surefire.real.class.path" value="/Users/ansgarsachs/CGM/kubernetes-workshop/integration-tests/target/surefire/surefirebooter3649062994287977891.jar"/>
    <property name="sun.boot.class.path" value="/Library/Java/JavaVirtualMachines/adoptopenjdk-8.jdk/Contents/Home/jre/lib/resources.jar:/Library/Java/JavaVirtualMachines/adoptopenjdk-8.jdk/Contents/Home/jre/lib/rt.jar:/Library/Java/JavaVirtualMachines/adoptopenjdk-8.jdk/Contents/Home/jre/lib/sunrsasign.jar:/Library/Java/JavaVirtualMachines/adoptopenjdk-8.jdk/Contents/Home/jre/lib/jsse.jar:/Library/Java/JavaVirtualMachines/adoptopenjdk-8.jdk/Contents/Home/jre/lib/jce.jar:/Library/Java/JavaVirtualMachines/adoptopenjdk-8.jdk/Contents/Home/jre/lib/charsets.jar:/Library/Java/JavaVirtualMachines/adoptopenjdk-8.jdk/Contents/Home/jre/lib/jfr.jar:/Library/Java/JavaVirtualMachines/adoptopenjdk-8.jdk/Contents/Home/jre/classes"/>
    <property name="sun.management.compiler" value="HotSpot 64-Bit Tiered Compilers"/>
    <property name="ftp.nonProxyHosts" value="local|*.local|169.254/16|*.169.254/16"/>
    <property name="java.runtime.version" value="1.8.0_222-b10"/>
    <property name="user.name" value="ansgarsachs"/>
    <property name="path.separator" value=":"/>
    <property name="os.version" value="10.15.3"/>
    <property name="java.endorsed.dirs" value="/Library/Java/JavaVirtualMachines/adoptopenjdk-8.jdk/Contents/Home/jre/lib/endorsed"/>
    <property name="java.runtime.name" value="OpenJDK Runtime Environment"/>
    <property name="file.encoding" value="UTF-8"/>
    <property name="java.vm.name" value="OpenJDK 64-Bit Server VM"/>
    <property name="localRepository" value="/Users/ansgarsachs/.m2/repository"/>
    <property name="java.vendor.url.bug" value="http://bugreport.sun.com/bugreport/"/>
    <property name="java.io.tmpdir" value="/var/folders/qb/vj8bv7j542z28872kn8pw59r0000gn/T/"/>
    <property name="java.version" value="1.8.0_222"/>
    <property name="user.dir" value="/Users/ansgarsachs/CGM/kubernetes-workshop/integration-tests"/>
    <property name="os.arch" value="x86_64"/>
    <property name="java.vm.specification.name" value="Java Virtual Machine Specification"/>
    <property name="java.awt.printerjob" value="sun.lwawt.macosx.CPrinterJob"/>
    <property name="sun.os.patch.level" value="unknown"/>
    <property name="java.library.path" value="/Users/ansgarsachs/Library/Java/Extensions:/Library/Java/Extensions:/Network/Library/Java/Extensions:/System/Library/Java/Extensions:/usr/lib/java:."/>
    <property name="java.vm.info" value="mixed mode"/>
    <property name="java.vendor" value="AdoptOpenJDK"/>
    <property name="java.vm.version" value="25.222-b10"/>
    <property name="java.ext.dirs" value="/Users/ansgarsachs/Library/Java/Extensions:/Library/Java/JavaVirtualMachines/adoptopenjdk-8.jdk/Contents/Home/jre/lib/ext:/Library/Java/Extensions:/Network/Library/Java/Extensions:/System/Library/Java/Extensions:/usr/lib/java"/>
    <property name="sun.io.unicode.encoding" value="UnicodeBig"/>
    <property name="java.class.version" value="52.0"/>
    <property name="socksNonProxyHosts" value="local|*.local|169.254/16|*.169.254/16"/>
  </properties>
  <testcase name="Create a patient and add prescriptions" classname="Registration of Patients" time="0.639"/>
</testsuite>